[23:42:26] [main/INFO]: Loading Minecraft 1.18.2 with Fabric Loader 0.14.8
[23:42:26] [ForkJoinPool-1-worker-1/WARN]: Mod ears uses the version 1.4.5_01 which isn't compatible with Loader's extended semantic version format (Could not parse version number component '5_01'!), SemVer is recommended for reliably evaluating dependencies and prioritizing newer version
[23:42:26] [main/INFO]: Loading 145 mods:
	- advanced_runtime_resource_pack 0.5.5 via enhancedblockentities
	- amecs 1.3.8+mc.1.18.2
	- amecsapi 1.3.6+mc22w06a via mousewheelie
	- appleskin 2.4.0+mc1.18.2
	- architectury 4.5.75
	- authme 3.1.0
	- badpackets 0.1.2
	- better_loading_screen 1.4.0
	- betterthirdperson 1.8.1
	- blue_endless_jankson 1.2.1 via jankson
	- caffeineconfig 1.1.0 via sodium-extra
	- cem 0.7.1
	- chesttracker 1.1.16
	- citresewn 1.1.0+1.18.2
	- citresewn-defaults 1.1.0+1.18.2 via citresewn
	- cleanview 1.18.2-v1-fabric
	- cloth-api 3.2.64
	- cloth-basic-math 0.6.1 via cloth-config
	- cloth-client-events-v0 3.2.64 via cloth-api
	- cloth-common-events-v1 3.2.64 via cloth-api
	- cloth-config 6.2.62
	- cloth-datagen-api-v1 3.2.64 via cloth-api
	- cloth-scissors-api-v1 3.2.64 via cloth-api
	- cloth-utils-v1 3.2.64 via cloth-api
	- clumps 8.0.0+10
	- coat 1.0.0-beta.18+mc1.18.2 via mousewheelie
	- com_neovisionaries_nv-websocket-client 2.10 via jsmacros
	- combatradar 1.6
	- completeconfig 1.0.0 via cem
	- connectivity 1.18.2-3.3
	- continuity 2.0.0+1.18.2
	- creativecore 2.6.12
	- ears 1.4.5_01
	- enhancedblockentities 0.7.1+1.18.2
	- fabric 0.57.0+1.18.2
	- fabric-api-base 0.4.4+d7c144a860 via fabric
	- fabric-api-lookup-api-v1 1.6.2+2373a54560 via fabric
	- fabric-biome-api-v1 8.0.6+651bcc5960 via fabric
	- fabric-blockrenderlayer-v1 1.1.12+3ac43d9560 via fabric
	- fabric-command-api-v1 1.1.9+d7c144a860 via fabric
	- fabric-commands-v0 0.2.8+b4f4f6cd60 via fabric
	- fabric-containers-v0 0.1.22+d7c144a860 via fabric
	- fabric-content-registries-v0 3.1.1+c85f2e3860 via fabric
	- fabric-convention-tags-v1 1.0.1+474e4f7960 via fabric
	- fabric-crash-report-info-v1 0.2.1+ee261a3e60 via fabric
	- fabric-data-generation-api-v1 3.0.0+9fcb91d260 via fabric
	- fabric-dimensions-v1 2.1.20+489d6f8260 via fabric
	- fabric-entity-events-v1 1.4.8+d7c144a860 via fabric
	- fabric-events-interaction-v0 0.4.19+d7c144a860 via fabric
	- fabric-events-lifecycle-v0 0.2.18+d7c144a860 via fabric
	- fabric-game-rule-api-v1 1.0.13+d7c144a860 via fabric
	- fabric-item-api-v1 1.5.1+6c4e5d0960 via fabric
	- fabric-item-groups-v0 0.3.14+91896a4960 via fabric
	- fabric-key-binding-api-v1 1.0.12+54e5b2ec60 via fabric
	- fabric-keybindings-v0 0.2.10+b4f4f6cd60 via fabric
	- fabric-lifecycle-events-v1 2.1.0+cc71601c60 via fabric
	- fabric-loot-api-v2 1.1.0+1997ad1260 via fabric
	- fabric-loot-tables-v1 1.1.2+e747827960 via fabric
	- fabric-mining-level-api-v1 2.1.4+cc71601c60 via fabric
	- fabric-models-v0 0.3.6+d7c144a860 via fabric
	- fabric-networking-api-v1 1.0.22+e6b169eb60 via fabric
	- fabric-networking-v0 0.3.9+b4f4f6cd60 via fabric
	- fabric-object-builder-api-v1 2.1.3+032c981d60 via fabric
	- fabric-particles-v1 0.2.12+526dc1ac60 via fabric
	- fabric-permissions-api-v0 0.1-SNAPSHOT via spark
	- fabric-registry-sync-v0 0.9.9+0d9ab37260 via fabric
	- fabric-renderer-api-v1 0.4.13+d882b91560 via fabric
	- fabric-renderer-indigo 0.5.2+d005b03a60 via fabric
	- fabric-renderer-registries-v1 3.2.11+b4f4f6cd60 via fabric
	- fabric-rendering-data-attachment-v1 0.3.7+d7c144a860 via fabric
	- fabric-rendering-fluids-v1 2.0.2+54e5b2ec60 via fabric
	- fabric-rendering-v0 1.1.13+b4f4f6cd60 via fabric
	- fabric-rendering-v1 1.10.7+54e5b2ec60 via fabric
	- fabric-resource-conditions-api-v1 2.0.3+91b7aa6660 via fabric
	- fabric-resource-loader-v0 0.5.2+446e059560 via fabric
	- fabric-screen-api-v1 1.0.10+d882b91560 via fabric
	- fabric-screen-handler-api-v1 1.2.1+1f6558e860 via fabric
	- fabric-textures-v0 1.0.12+3ac43d9560 via fabric
	- fabric-transfer-api-v1 1.6.3+f4563ac860 via fabric
	- fabric-transitive-access-wideners-v1 1.1.0+e747827960 via fabric
	- fabricloader 0.14.8
	- fallingleaves 1.11.1+1.18.2
	- fancymenu 2.9.1
	- ferritecore 4.2.1
	- horsestatsvanilla 4.1.10
	- iknowwhatimdoing 4.1.0
	- indium 1.0.6+mc1.18.2
	- inventoryhud 3.4.2
	- inventoryprofilesnext 1.5.3
	- io_noties_prism4j 2.0.0 via jsmacros
	- iris 1.2.5
	- jankson 4.0.0+j1.2.0 via libgui
	- java 18
	- jei 10.1.0.208
	- journeymap-api-fabric 1.18.2-1.8-fabric-SNAPSHOT via journeymap-fabric
	- journeymap-fabric 5.8.5
	- jsmacros 1.7.0
	- konkrete 1.3.3
	- lambdabettergrass 1.2.4+1.18
	- lambdynlights 2.1.0+1.17
	- lazydfu 0.1.2
	- libgui 5.3.1+1.18 via chesttracker
	- libninepatch 1.1.0 via libgui
	- lightoverlay 6.0.5
	- litematica 0.11.3
	- lithium 0.7.10
	- malilib 0.12.1
	- map-sync 2.0.0-1.18.2
	- maptooltip 1.3.2
	- me_hypherionmc_simple-rpc-common 3.0.1 via simple-rpc
	- minecraft 1.18.2
	- modmenu 3.2.3
	- mousetweaks 2.22
	- mousewheelie 1.10.1+mc1.18.2
	- notenoughcrashes 4.1.6+1.18.2
	- org_anarres_jcpp 1.4.14 via iris
	- org_graalvm_js_js 22.1.0 via jsmacros
	- org_graalvm_regex_regex 22.1.0 via jsmacros
	- org_graalvm_sdk_graal-sdk 22.1.0 via jsmacros
	- org_graalvm_truffle_truffle-api 22.1.0 via jsmacros
	- org_javassist_javassist 3.28.0-GA via jsmacros
	- org_joml_joml 1.10.2 via sodium
	- pride 1.1.0+1.17 via lambdynlights
	- rebind_all_the_keys 1.1.1+1.18
	- reeses-sodium-options 1.4.3+mc1.18.2-build.42
	- simple-rpc 3.0.1
	- smoothboot 1.18.2-1.7.0
	- snitchmod 1.3.2-1.18.2
	- sodium 0.4.1+build.15
	- sodium-extra 0.4.5+mc1.18.2-build.42
	- spark 1.9.11
	- spruceui 3.3.3+1.18 via lambdabettergrass
	- starlight 1.0.2+fabric.89b8d9f
	- stendhal 1.3.3-1.18
	- timetolive 0.4
	- tweakeroo 0.13.3
	- tweed4_annotated 1.3.0+mc1.18.2 via mousewheelie
	- tweed4_base 1.5.0+mc1.18.2 via mousewheelie
	- tweed4_data 1.2.1+mc1.18.2 via mousewheelie
	- tweed4_data_hjson 1.1.0+mc1.18.2 via mousewheelie
	- tweed4_tailor_coat 1.1.2+mc1.18.2 via mousewheelie
	- tweed4_tailor_screen 1.1.1+mc1.18.2 via mousewheelie
	- whereisit 1.14.10 via chesttracker
	- wi_zoom 1.4-MC1.18.2
	- wthit 4.11.0
[23:42:26] [main/INFO]: SpongePowered MIXIN Subsystem Version=0.8.5 Source=file:/C:/Users/mattg/Downloads/mmc-stable-win32(1)/MultiMC/libraries/net/fabricmc/sponge-mixin/0.11.4+mixin.0.8.5/sponge-mixin-0.11.4+mixin.0.8.5.jar Service=Knot/Fabric Env=CLIENT
[23:42:27] [main/INFO]: Compatibility level set to JAVA_16
[23:42:27] [main/INFO]: Compatibility level set to JAVA_17
[23:42:27] [main/INFO]: Loaded configuration file for Lithium: 102 options available, 1 override(s) found
[23:42:27] [main/INFO]: Loaded configuration file for Sodium: 29 options available, 1 override(s) found
[23:42:27] [main/INFO]: Loaded configuration file for Sodium Extra: 27 options available, 0 override(s) found
[23:42:28] [main/INFO]: APPLYING MIXIN: de.keksuccino.konkrete.mixin.mixins.client.MixinMinecraft | TO TARGET: net.minecraft.class_310
[23:42:28] [main/INFO]: APPLYING MIXIN: de.keksuccino.konkrete.mixin.mixins.client.MixinScreen | TO TARGET: net.minecraft.class_437
[23:42:28] [main/INFO]: APPLYING MIXIN: de.keksuccino.konkrete.mixin.mixins.client.MixinMouseHandler | TO TARGET: net.minecraft.class_312
[23:42:28] [main/INFO]: APPLYING MIXIN: de.keksuccino.konkrete.mixin.mixins.client.MixinGameRenderer | TO TARGET: net.minecraft.class_757
[23:42:28] [main/INFO]: APPLYING MIXIN: de.keksuccino.konkrete.mixin.mixins.client.MixinKeyboardHandler | TO TARGET: net.minecraft.class_309
[23:42:28] [main/INFO]: APPLYING MIXIN: de.keksuccino.konkrete.mixin.mixins.client.MixinScreenEvents | TO TARGET: net.fabricmc.fabric.api.client.screen.v1.ScreenEvents
[23:42:28] [main/INFO]: APPLYING MIXIN: de.keksuccino.konkrete.mixin.mixins.client.IMixinKeyboardHandler | TO TARGET: net.minecraft.class_309
[23:42:28] [main/INFO]: APPLYING MIXIN: de.keksuccino.konkrete.mixin.mixins.client.IMixinEditBox | TO TARGET: net.minecraft.class_342
[23:42:28] [main/INFO]: APPLYING MIXIN: de.keksuccino.konkrete.mixin.mixins.client.IMixinAbstractWidget | TO TARGET: net.minecraft.class_339
[23:42:28] [main/INFO]: APPLYING MIXIN: de.keksuccino.konkrete.mixin.mixins.client.IMixinMouseHandler | TO TARGET: net.minecraft.class_312
[23:42:28] [main/INFO]: APPLYING MIXIN: de.keksuccino.konkrete.mixin.mixins.client.IMixinClientLanguage | TO TARGET: net.minecraft.class_1078
[23:42:28] [main/INFO]: APPLYING MIXIN: de.keksuccino.konkrete.mixin.mixins.client.IMixinDynamicTexture | TO TARGET: net.minecraft.class_1043
[23:42:28] [main/WARN]: Force-disabling mixin 'alloc.blockstate.StateMixin' as rule 'mixin.alloc.blockstate' (added by mods [ferritecore]) disables it and children
[23:42:28] [main/WARN]: Force-disabling mixin 'features.sky.MixinWorldRenderer' as rule 'mixin.features.sky' (added by mods [iris]) disables it and children
[23:42:28] [main/INFO]: I used the json to destroy the json
[23:42:29] [main/INFO]: Trying to switch memory allocators to work around memory leaks present with Jemalloc 5.0.0 through 5.2.0 on Windows
[23:42:29] [main/INFO]: Smooth Boot config initialized
[23:42:30] [main/WARN]: Configuration conflict: there is more than one oshi.properties file on the classpath
[23:42:30] [main/WARN]: Configuration conflict: there is more than one oshi.architecture.properties file on the classpath
[23:42:31] [main/WARN]: @Final field field_22786:Ljava/util/List; in mixins.ipnext.json:MixinScreen from mod inventoryprofilesnext should be final
[23:42:31] [main/WARN]: @Final field field_33815:Ljava/util/List; in mixins.ipnext.json:MixinScreen from mod inventoryprofilesnext should be final
[23:42:38] [Render thread/WARN]: Method overwrite conflict for method_22920 in sodium.mixins.json:features.buffer_builder.intrinsics.MixinBufferBuilder from mod sodium, previously written by net.coderbot.iris.mixin.vertices.block_rendering.MixinBufferBuilder_SeparateAo. Skipping method.
[23:42:38] [Render thread/WARN]: @Redirect conflict. Skipping notenoughcrashes.fabric.mixins.json:client.CatchInitMInecraftClientMixin from mod notenoughcrashes->@Redirect::catchFabricInit(Ljava/io/File;Ljava/lang/Object;)V with priority 1000, already redirected by better_loading_screen.mixins.json:MixinMinecraft from mod better_loading_screen->@Redirect::init(Ljava/io/File;Ljava/lang/Object;)V with priority 1000
[23:42:39] [Render thread/INFO]: Environment: authHost='https://authserver.mojang.com', accountsHost='https://api.mojang.com', sessionHost='https://sessionserver.mojang.com', servicesHost='https://api.minecraftservices.com', name='PROD'
[23:42:39] [Render thread/INFO]: Setting user: TripleLuxen
[23:42:39] [Render thread/INFO]: Connectivity initialized
[23:42:40] [Render thread/WARN]: @Redirect conflict. Skipping mixins.tweakeroo.json:MixinServerPlayNetworkHandler from mod tweakeroo->@Redirect::tweakeroo_removeHitPosCheck(Lnet/minecraft/class_243;Lnet/minecraft/class_243;)Lnet/minecraft/class_243; with priority 1005, already redirected by mixins.litematica.json:MixinServerPlayNetworkHandler from mod litematica->@Redirect::litematica_removeHitPosCheck(Lnet/minecraft/class_243;Lnet/minecraft/class_243;)Lnet/minecraft/class_243; with priority 1010
[23:42:40] [Render thread/WARN]: @Inject(@At("INVOKE")) Shift.BY=2 on mixins.iris.json:texture.MixinAbstractTexture from mod iris::handler$bic000$iris$afterGenerateId exceeds the maximum allowed value: 0. Increase the value of maxShiftBy to suppress this warning.
[23:42:40] [Render thread/INFO]: Initializing ServerSide Packet Registries
[23:42:41] [Render thread/INFO]: Loaded Profiles:
[23:42:41] [Render thread/INFO]:     default
[23:42:41] [Render thread/INFO]: [KONKRETE] Successfully initialized!
[23:42:41] [Render thread/INFO]: [KONKRETE] Server-side libs ready to use!
[23:42:41] [Render thread/INFO]: [Stendhal] Initializing
